Started analysis of YRLP_0010_1_UN_Whole_C1_WGWGS_A14884_22VNMHLT3_CTGAACCTCC_L003_R1_001.fastq.gz
Started analysis of YRLP_0010_1_UN_Whole_C1_WGWGS_A14884_22VNMHLT3_CTGAACCTCC_L003_R2_001.fastq.gz
Approx 5% complete for YRLP_0010_1_UN_Whole_C1_WGWGS_A14884_22VNMHLT3_CTGAACCTCC_L003_R2_001.fastq.gz
Approx 5% complete for YRLP_0010_1_UN_Whole_C1_WGWGS_A14884_22VNMHLT3_CTGAACCTCC_L003_R1_001.fastq.gz
Approx 10% complete for YRLP_0010_1_UN_Whole_C1_WGWGS_A14884_22VNMHLT3_CTGAACCTCC_L003_R2_001.fastq.gz
Approx 10% complete for YRLP_0010_1_UN_Whole_C1_WGWGS_A14884_22VNMHLT3_CTGAACCTCC_L003_R1_001.fastq.gz
Approx 15% complete for YRLP_0010_1_UN_Whole_C1_WGWGS_A14884_22VNMHLT3_CTGAACCTCC_L003_R2_001.fastq.gz
Approx 15% complete for YRLP_0010_1_UN_Whole_C1_WGWGS_A14884_22VNMHLT3_CTGAACCTCC_L003_R1_001.fastq.gz
Approx 20% complete for YRLP_0010_1_UN_Whole_C1_WGWGS_A14884_22VNMHLT3_CTGAACCTCC_L003_R2_001.fastq.gz
Approx 20% complete for YRLP_0010_1_UN_Whole_C1_WGWGS_A14884_22VNMHLT3_CTGAACCTCC_L003_R1_001.fastq.gz
Approx 25% complete for YRLP_0010_1_UN_Whole_C1_WGWGS_A14884_22VNMHLT3_CTGAACCTCC_L003_R2_001.fastq.gz
Approx 25% complete for YRLP_0010_1_UN_Whole_C1_WGWGS_A14884_22VNMHLT3_CTGAACCTCC_L003_R1_001.fastq.gz
Approx 30% complete for YRLP_0010_1_UN_Whole_C1_WGWGS_A14884_22VNMHLT3_CTGAACCTCC_L003_R1_001.fastq.gz
Approx 30% complete for YRLP_0010_1_UN_Whole_C1_WGWGS_A14884_22VNMHLT3_CTGAACCTCC_L003_R2_001.fastq.gz
Approx 35% complete for YRLP_0010_1_UN_Whole_C1_WGWGS_A14884_22VNMHLT3_CTGAACCTCC_L003_R1_001.fastq.gz
Approx 35% complete for YRLP_0010_1_UN_Whole_C1_WGWGS_A14884_22VNMHLT3_CTGAACCTCC_L003_R2_001.fastq.gz
Approx 40% complete for YRLP_0010_1_UN_Whole_C1_WGWGS_A14884_22VNMHLT3_CTGAACCTCC_L003_R1_001.fastq.gz
Approx 40% complete for YRLP_0010_1_UN_Whole_C1_WGWGS_A14884_22VNMHLT3_CTGAACCTCC_L003_R2_001.fastq.gz
Approx 45% complete for YRLP_0010_1_UN_Whole_C1_WGWGS_A14884_22VNMHLT3_CTGAACCTCC_L003_R1_001.fastq.gz
Approx 45% complete for YRLP_0010_1_UN_Whole_C1_WGWGS_A14884_22VNMHLT3_CTGAACCTCC_L003_R2_001.fastq.gz
Approx 50% complete for YRLP_0010_1_UN_Whole_C1_WGWGS_A14884_22VNMHLT3_CTGAACCTCC_L003_R1_001.fastq.gz
Approx 50% complete for YRLP_0010_1_UN_Whole_C1_WGWGS_A14884_22VNMHLT3_CTGAACCTCC_L003_R2_001.fastq.gz
Approx 55% complete for YRLP_0010_1_UN_Whole_C1_WGWGS_A14884_22VNMHLT3_CTGAACCTCC_L003_R1_001.fastq.gz
Approx 55% complete for YRLP_0010_1_UN_Whole_C1_WGWGS_A14884_22VNMHLT3_CTGAACCTCC_L003_R2_001.fastq.gz
Approx 60% complete for YRLP_0010_1_UN_Whole_C1_WGWGS_A14884_22VNMHLT3_CTGAACCTCC_L003_R1_001.fastq.gz
Approx 60% complete for YRLP_0010_1_UN_Whole_C1_WGWGS_A14884_22VNMHLT3_CTGAACCTCC_L003_R2_001.fastq.gz
Approx 65% complete for YRLP_0010_1_UN_Whole_C1_WGWGS_A14884_22VNMHLT3_CTGAACCTCC_L003_R1_001.fastq.gz
Approx 65% complete for YRLP_0010_1_UN_Whole_C1_WGWGS_A14884_22VNMHLT3_CTGAACCTCC_L003_R2_001.fastq.gz
Approx 70% complete for YRLP_0010_1_UN_Whole_C1_WGWGS_A14884_22VNMHLT3_CTGAACCTCC_L003_R1_001.fastq.gz
Approx 70% complete for YRLP_0010_1_UN_Whole_C1_WGWGS_A14884_22VNMHLT3_CTGAACCTCC_L003_R2_001.fastq.gz
Approx 75% complete for YRLP_0010_1_UN_Whole_C1_WGWGS_A14884_22VNMHLT3_CTGAACCTCC_L003_R1_001.fastq.gz
Approx 75% complete for YRLP_0010_1_UN_Whole_C1_WGWGS_A14884_22VNMHLT3_CTGAACCTCC_L003_R2_001.fastq.gz
Approx 80% complete for YRLP_0010_1_UN_Whole_C1_WGWGS_A14884_22VNMHLT3_CTGAACCTCC_L003_R1_001.fastq.gz
Approx 80% complete for YRLP_0010_1_UN_Whole_C1_WGWGS_A14884_22VNMHLT3_CTGAACCTCC_L003_R2_001.fastq.gz
Approx 85% complete for YRLP_0010_1_UN_Whole_C1_WGWGS_A14884_22VNMHLT3_CTGAACCTCC_L003_R1_001.fastq.gz
Approx 85% complete for YRLP_0010_1_UN_Whole_C1_WGWGS_A14884_22VNMHLT3_CTGAACCTCC_L003_R2_001.fastq.gz
Approx 90% complete for YRLP_0010_1_UN_Whole_C1_WGWGS_A14884_22VNMHLT3_CTGAACCTCC_L003_R1_001.fastq.gz
Approx 90% complete for YRLP_0010_1_UN_Whole_C1_WGWGS_A14884_22VNMHLT3_CTGAACCTCC_L003_R2_001.fastq.gz
Approx 95% complete for YRLP_0010_1_UN_Whole_C1_WGWGS_A14884_22VNMHLT3_CTGAACCTCC_L003_R1_001.fastq.gz
Approx 95% complete for YRLP_0010_1_UN_Whole_C1_WGWGS_A14884_22VNMHLT3_CTGAACCTCC_L003_R2_001.fastq.gz
Read1 before filtering:
total reads: 12662936
total bases: 1912103336
Q20 bases: 1808156645(94.5638%)
Q30 bases: 1663746636(87.0113%)

Read2 before filtering:
total reads: 12662936
total bases: 1912103336
Q20 bases: 1788883596(93.5558%)
Q30 bases: 1632800798(85.3929%)

Read1 after filtering:
total reads: 12650658
total bases: 1626852957
Q20 bases: 1563580463(96.1107%)
Q30 bases: 1452352974(89.2738%)

Read2 after filtering:
total reads: 12650658
total bases: 1627520021
Q20 bases: 1566215564(96.2333%)
Q30 bases: 1464915548(90.0091%)

Filtering result:
reads passed filter: 25301316
reads failed due to low quality: 0
reads failed due to too many N: 0
reads failed due to too short: 24556
reads with adapter trimmed: 14413566
bases trimmed due to adapters: 513741719

Duplication rate: 0.467885%

Insert size peak (evaluated by paired-end reads): 121

JSON report: /home/janzules/ctDNA_11042024/data/output_mice/fastp_cleaned/reports/A14884.json
HTML report: /home/janzules/ctDNA_11042024/data/output_mice/fastp_cleaned/reports/A14884.html

fastp -i /home/janzules/ctDNA_11042024/data/20241101_LH00295_0150_B22VNMHLT3/YRLP_0010/YRLP_0010_1_UN_Whole_C1_WGWGS_A14884_22VNMHLT3_CTGAACCTCC_L003_R1_001.fastq.gz -o /home/janzules/ctDNA_11042024/data/output_mice/fastp_cleaned/cleaned/A14884_R1.fastq.gz -I /home/janzules/ctDNA_11042024/data/20241101_LH00295_0150_B22VNMHLT3/YRLP_0010/YRLP_0010_1_UN_Whole_C1_WGWGS_A14884_22VNMHLT3_CTGAACCTCC_L003_R2_001.fastq.gz -O /home/janzules/ctDNA_11042024/data/output_mice/fastp_cleaned/cleaned/A14884_R2.fastq.gz -w 16 --disable_quality_filtering --trim_poly_g --adapter_sequence AGATCGGAAGAGCACACGTCTGAACTCCAGTCA --adapter_sequence_r2 AGATCGGAAGAGCGTCGTGTAGGGAAAGAGTGT --cut_tail --cut_mean_quality 20 --cut_window_size 4 --json /home/janzules/ctDNA_11042024/data/output_mice/fastp_cleaned/reports/A14884.json --html /home/janzules/ctDNA_11042024/data/output_mice/fastp_cleaned/reports/A14884.html 
fastp v0.21.0, time used: 122 seconds
Started analysis of A14884_R1.fastq.gz
Started analysis of A14884_R2.fastq.gz
Approx 5% complete for A14884_R1.fastq.gz
Approx 5% complete for A14884_R2.fastq.gz
Approx 10% complete for A14884_R1.fastq.gz
Approx 10% complete for A14884_R2.fastq.gz
Approx 15% complete for A14884_R1.fastq.gz
Approx 15% complete for A14884_R2.fastq.gz
Approx 20% complete for A14884_R2.fastq.gz
Approx 20% complete for A14884_R1.fastq.gz
Approx 25% complete for A14884_R2.fastq.gz
Approx 25% complete for A14884_R1.fastq.gz
Approx 30% complete for A14884_R2.fastq.gz
Approx 30% complete for A14884_R1.fastq.gz
Approx 35% complete for A14884_R2.fastq.gz
Approx 35% complete for A14884_R1.fastq.gz
Approx 40% complete for A14884_R2.fastq.gz
Approx 40% complete for A14884_R1.fastq.gz
Approx 45% complete for A14884_R2.fastq.gz
Approx 45% complete for A14884_R1.fastq.gz
Approx 50% complete for A14884_R2.fastq.gz
Approx 50% complete for A14884_R1.fastq.gz
Approx 55% complete for A14884_R2.fastq.gz
Approx 55% complete for A14884_R1.fastq.gz
Approx 60% complete for A14884_R2.fastq.gz
Approx 60% complete for A14884_R1.fastq.gz
Approx 65% complete for A14884_R2.fastq.gz
Approx 65% complete for A14884_R1.fastq.gz
Approx 70% complete for A14884_R2.fastq.gz
Approx 70% complete for A14884_R1.fastq.gz
Approx 75% complete for A14884_R2.fastq.gz
Approx 75% complete for A14884_R1.fastq.gz
Approx 80% complete for A14884_R2.fastq.gz
Approx 80% complete for A14884_R1.fastq.gz
Approx 85% complete for A14884_R2.fastq.gz
Approx 85% complete for A14884_R1.fastq.gz
Approx 90% complete for A14884_R2.fastq.gz
Approx 90% complete for A14884_R1.fastq.gz
Approx 95% complete for A14884_R2.fastq.gz
Approx 95% complete for A14884_R1.fastq.gz
Started analysis of YRLP_0011_1_UN_Whole_C1_WGWGS_A14885_22VNMHLT3_GGCCTTGTTA_L003_R1_001.fastq.gz
Started analysis of YRLP_0011_1_UN_Whole_C1_WGWGS_A14885_22VNMHLT3_GGCCTTGTTA_L003_R2_001.fastq.gz
Approx 5% complete for YRLP_0011_1_UN_Whole_C1_WGWGS_A14885_22VNMHLT3_GGCCTTGTTA_L003_R1_001.fastq.gz
Approx 5% complete for YRLP_0011_1_UN_Whole_C1_WGWGS_A14885_22VNMHLT3_GGCCTTGTTA_L003_R2_001.fastq.gz
Approx 10% complete for YRLP_0011_1_UN_Whole_C1_WGWGS_A14885_22VNMHLT3_GGCCTTGTTA_L003_R1_001.fastq.gz
Approx 10% complete for YRLP_0011_1_UN_Whole_C1_WGWGS_A14885_22VNMHLT3_GGCCTTGTTA_L003_R2_001.fastq.gz
Approx 15% complete for YRLP_0011_1_UN_Whole_C1_WGWGS_A14885_22VNMHLT3_GGCCTTGTTA_L003_R1_001.fastq.gz
Approx 15% complete for YRLP_0011_1_UN_Whole_C1_WGWGS_A14885_22VNMHLT3_GGCCTTGTTA_L003_R2_001.fastq.gz
Approx 20% complete for YRLP_0011_1_UN_Whole_C1_WGWGS_A14885_22VNMHLT3_GGCCTTGTTA_L003_R1_001.fastq.gz
Approx 20% complete for YRLP_0011_1_UN_Whole_C1_WGWGS_A14885_22VNMHLT3_GGCCTTGTTA_L003_R2_001.fastq.gz
Approx 25% complete for YRLP_0011_1_UN_Whole_C1_WGWGS_A14885_22VNMHLT3_GGCCTTGTTA_L003_R1_001.fastq.gz
Approx 25% complete for YRLP_0011_1_UN_Whole_C1_WGWGS_A14885_22VNMHLT3_GGCCTTGTTA_L003_R2_001.fastq.gz
Approx 30% complete for YRLP_0011_1_UN_Whole_C1_WGWGS_A14885_22VNMHLT3_GGCCTTGTTA_L003_R1_001.fastq.gz
Approx 30% complete for YRLP_0011_1_UN_Whole_C1_WGWGS_A14885_22VNMHLT3_GGCCTTGTTA_L003_R2_001.fastq.gz
Approx 35% complete for YRLP_0011_1_UN_Whole_C1_WGWGS_A14885_22VNMHLT3_GGCCTTGTTA_L003_R1_001.fastq.gz
Approx 35% complete for YRLP_0011_1_UN_Whole_C1_WGWGS_A14885_22VNMHLT3_GGCCTTGTTA_L003_R2_001.fastq.gz
Approx 40% complete for YRLP_0011_1_UN_Whole_C1_WGWGS_A14885_22VNMHLT3_GGCCTTGTTA_L003_R1_001.fastq.gz
Approx 40% complete for YRLP_0011_1_UN_Whole_C1_WGWGS_A14885_22VNMHLT3_GGCCTTGTTA_L003_R2_001.fastq.gz
Approx 45% complete for YRLP_0011_1_UN_Whole_C1_WGWGS_A14885_22VNMHLT3_GGCCTTGTTA_L003_R1_001.fastq.gz
Approx 45% complete for YRLP_0011_1_UN_Whole_C1_WGWGS_A14885_22VNMHLT3_GGCCTTGTTA_L003_R2_001.fastq.gz
Approx 50% complete for YRLP_0011_1_UN_Whole_C1_WGWGS_A14885_22VNMHLT3_GGCCTTGTTA_L003_R1_001.fastq.gz
Approx 50% complete for YRLP_0011_1_UN_Whole_C1_WGWGS_A14885_22VNMHLT3_GGCCTTGTTA_L003_R2_001.fastq.gz
Approx 55% complete for YRLP_0011_1_UN_Whole_C1_WGWGS_A14885_22VNMHLT3_GGCCTTGTTA_L003_R1_001.fastq.gz
Approx 55% complete for YRLP_0011_1_UN_Whole_C1_WGWGS_A14885_22VNMHLT3_GGCCTTGTTA_L003_R2_001.fastq.gz
Approx 60% complete for YRLP_0011_1_UN_Whole_C1_WGWGS_A14885_22VNMHLT3_GGCCTTGTTA_L003_R1_001.fastq.gz
Approx 60% complete for YRLP_0011_1_UN_Whole_C1_WGWGS_A14885_22VNMHLT3_GGCCTTGTTA_L003_R2_001.fastq.gz
Approx 65% complete for YRLP_0011_1_UN_Whole_C1_WGWGS_A14885_22VNMHLT3_GGCCTTGTTA_L003_R1_001.fastq.gz
Approx 65% complete for YRLP_0011_1_UN_Whole_C1_WGWGS_A14885_22VNMHLT3_GGCCTTGTTA_L003_R2_001.fastq.gz
Approx 70% complete for YRLP_0011_1_UN_Whole_C1_WGWGS_A14885_22VNMHLT3_GGCCTTGTTA_L003_R1_001.fastq.gz
Approx 70% complete for YRLP_0011_1_UN_Whole_C1_WGWGS_A14885_22VNMHLT3_GGCCTTGTTA_L003_R2_001.fastq.gz
Approx 75% complete for YRLP_0011_1_UN_Whole_C1_WGWGS_A14885_22VNMHLT3_GGCCTTGTTA_L003_R1_001.fastq.gz
Approx 75% complete for YRLP_0011_1_UN_Whole_C1_WGWGS_A14885_22VNMHLT3_GGCCTTGTTA_L003_R2_001.fastq.gz
Approx 80% complete for YRLP_0011_1_UN_Whole_C1_WGWGS_A14885_22VNMHLT3_GGCCTTGTTA_L003_R1_001.fastq.gz
Approx 80% complete for YRLP_0011_1_UN_Whole_C1_WGWGS_A14885_22VNMHLT3_GGCCTTGTTA_L003_R2_001.fastq.gz
Approx 85% complete for YRLP_0011_1_UN_Whole_C1_WGWGS_A14885_22VNMHLT3_GGCCTTGTTA_L003_R1_001.fastq.gz
Approx 85% complete for YRLP_0011_1_UN_Whole_C1_WGWGS_A14885_22VNMHLT3_GGCCTTGTTA_L003_R2_001.fastq.gz
Approx 90% complete for YRLP_0011_1_UN_Whole_C1_WGWGS_A14885_22VNMHLT3_GGCCTTGTTA_L003_R1_001.fastq.gz
Approx 90% complete for YRLP_0011_1_UN_Whole_C1_WGWGS_A14885_22VNMHLT3_GGCCTTGTTA_L003_R2_001.fastq.gz
Approx 95% complete for YRLP_0011_1_UN_Whole_C1_WGWGS_A14885_22VNMHLT3_GGCCTTGTTA_L003_R1_001.fastq.gz
Approx 95% complete for YRLP_0011_1_UN_Whole_C1_WGWGS_A14885_22VNMHLT3_GGCCTTGTTA_L003_R2_001.fastq.gz
Read1 before filtering:
total reads: 5766227
total bases: 870700277
Q20 bases: 820807480(94.2698%)
Q30 bases: 753017335(86.4841%)

Read2 before filtering:
total reads: 5766227
total bases: 870700277
Q20 bases: 809153819(92.9314%)
Q30 bases: 737573114(84.7103%)

Read1 after filtering:
total reads: 5759046
total bases: 738427825
Q20 bases: 709335817(96.0603%)
Q30 bases: 658143552(89.1277%)

Read2 after filtering:
total reads: 5759046
total bases: 738719493
Q20 bases: 710846701(96.2269%)
Q30 bases: 664501464(89.9532%)

Filtering result:
reads passed filter: 11518092
reads failed due to low quality: 0
reads failed due to too many N: 0
reads failed due to too short: 14362
reads with adapter trimmed: 6537521
bases trimmed due to adapters: 233379482

Duplication rate: 0.446917%

Insert size peak (evaluated by paired-end reads): 111

JSON report: /home/janzules/ctDNA_11042024/data/output_mice/fastp_cleaned/reports/A14885.json
HTML report: /home/janzules/ctDNA_11042024/data/output_mice/fastp_cleaned/reports/A14885.html

fastp -i /home/janzules/ctDNA_11042024/data/20241101_LH00295_0150_B22VNMHLT3/YRLP_0011/YRLP_0011_1_UN_Whole_C1_WGWGS_A14885_22VNMHLT3_GGCCTTGTTA_L003_R1_001.fastq.gz -o /home/janzules/ctDNA_11042024/data/output_mice/fastp_cleaned/cleaned/A14885_R1.fastq.gz -I /home/janzules/ctDNA_11042024/data/20241101_LH00295_0150_B22VNMHLT3/YRLP_0011/YRLP_0011_1_UN_Whole_C1_WGWGS_A14885_22VNMHLT3_GGCCTTGTTA_L003_R2_001.fastq.gz -O /home/janzules/ctDNA_11042024/data/output_mice/fastp_cleaned/cleaned/A14885_R2.fastq.gz -w 16 --disable_quality_filtering --trim_poly_g --adapter_sequence AGATCGGAAGAGCACACGTCTGAACTCCAGTCA --adapter_sequence_r2 AGATCGGAAGAGCGTCGTGTAGGGAAAGAGTGT --cut_tail --cut_mean_quality 20 --cut_window_size 4 --json /home/janzules/ctDNA_11042024/data/output_mice/fastp_cleaned/reports/A14885.json --html /home/janzules/ctDNA_11042024/data/output_mice/fastp_cleaned/reports/A14885.html 
fastp v0.21.0, time used: 57 seconds
Started analysis of A14885_R1.fastq.gz
Started analysis of A14885_R2.fastq.gz
Approx 5% complete for A14885_R2.fastq.gz
Approx 5% complete for A14885_R1.fastq.gz
Approx 10% complete for A14885_R2.fastq.gz
Approx 10% complete for A14885_R1.fastq.gz
Approx 15% complete for A14885_R2.fastq.gz
Approx 15% complete for A14885_R1.fastq.gz
Approx 20% complete for A14885_R2.fastq.gz
Approx 20% complete for A14885_R1.fastq.gz
Approx 25% complete for A14885_R2.fastq.gz
Approx 25% complete for A14885_R1.fastq.gz
Approx 30% complete for A14885_R2.fastq.gz
Approx 30% complete for A14885_R1.fastq.gz
Approx 35% complete for A14885_R2.fastq.gz
Approx 35% complete for A14885_R1.fastq.gz
Approx 40% complete for A14885_R2.fastq.gz
Approx 40% complete for A14885_R1.fastq.gz
Approx 45% complete for A14885_R2.fastq.gz
Approx 45% complete for A14885_R1.fastq.gz
Approx 50% complete for A14885_R2.fastq.gz
Approx 50% complete for A14885_R1.fastq.gz
Approx 55% complete for A14885_R2.fastq.gz
Approx 55% complete for A14885_R1.fastq.gz
Approx 60% complete for A14885_R2.fastq.gz
Approx 60% complete for A14885_R1.fastq.gz
Approx 65% complete for A14885_R2.fastq.gz
Approx 65% complete for A14885_R1.fastq.gz
Approx 70% complete for A14885_R2.fastq.gz
Approx 70% complete for A14885_R1.fastq.gz
Approx 75% complete for A14885_R2.fastq.gz
Approx 75% complete for A14885_R1.fastq.gz
Approx 80% complete for A14885_R2.fastq.gz
Approx 80% complete for A14885_R1.fastq.gz
Approx 85% complete for A14885_R2.fastq.gz
Approx 85% complete for A14885_R1.fastq.gz
Approx 90% complete for A14885_R2.fastq.gz
Approx 90% complete for A14885_R1.fastq.gz
Approx 95% complete for A14885_R2.fastq.gz
Approx 95% complete for A14885_R1.fastq.gz
Started analysis of YRLP_0009_1_UN_Whole_C1_WGWGS_A14883_22VNMHLT3_CCGCTACCAA_L003_R1_001.fastq.gz
Started analysis of YRLP_0009_1_UN_Whole_C1_WGWGS_A14883_22VNMHLT3_CCGCTACCAA_L003_R2_001.fastq.gz
Approx 5% complete for YRLP_0009_1_UN_Whole_C1_WGWGS_A14883_22VNMHLT3_CCGCTACCAA_L003_R1_001.fastq.gz
Approx 5% complete for YRLP_0009_1_UN_Whole_C1_WGWGS_A14883_22VNMHLT3_CCGCTACCAA_L003_R2_001.fastq.gz
Approx 10% complete for YRLP_0009_1_UN_Whole_C1_WGWGS_A14883_22VNMHLT3_CCGCTACCAA_L003_R1_001.fastq.gz
Approx 10% complete for YRLP_0009_1_UN_Whole_C1_WGWGS_A14883_22VNMHLT3_CCGCTACCAA_L003_R2_001.fastq.gz
Approx 15% complete for YRLP_0009_1_UN_Whole_C1_WGWGS_A14883_22VNMHLT3_CCGCTACCAA_L003_R1_001.fastq.gz
Approx 15% complete for YRLP_0009_1_UN_Whole_C1_WGWGS_A14883_22VNMHLT3_CCGCTACCAA_L003_R2_001.fastq.gz
Approx 20% complete for YRLP_0009_1_UN_Whole_C1_WGWGS_A14883_22VNMHLT3_CCGCTACCAA_L003_R1_001.fastq.gz
Approx 20% complete for YRLP_0009_1_UN_Whole_C1_WGWGS_A14883_22VNMHLT3_CCGCTACCAA_L003_R2_001.fastq.gz
Approx 25% complete for YRLP_0009_1_UN_Whole_C1_WGWGS_A14883_22VNMHLT3_CCGCTACCAA_L003_R1_001.fastq.gz
Approx 25% complete for YRLP_0009_1_UN_Whole_C1_WGWGS_A14883_22VNMHLT3_CCGCTACCAA_L003_R2_001.fastq.gz
Approx 30% complete for YRLP_0009_1_UN_Whole_C1_WGWGS_A14883_22VNMHLT3_CCGCTACCAA_L003_R1_001.fastq.gz
Approx 30% complete for YRLP_0009_1_UN_Whole_C1_WGWGS_A14883_22VNMHLT3_CCGCTACCAA_L003_R2_001.fastq.gz
Approx 35% complete for YRLP_0009_1_UN_Whole_C1_WGWGS_A14883_22VNMHLT3_CCGCTACCAA_L003_R1_001.fastq.gz
Approx 35% complete for YRLP_0009_1_UN_Whole_C1_WGWGS_A14883_22VNMHLT3_CCGCTACCAA_L003_R2_001.fastq.gz
Approx 40% complete for YRLP_0009_1_UN_Whole_C1_WGWGS_A14883_22VNMHLT3_CCGCTACCAA_L003_R1_001.fastq.gz
Approx 40% complete for YRLP_0009_1_UN_Whole_C1_WGWGS_A14883_22VNMHLT3_CCGCTACCAA_L003_R2_001.fastq.gz
Approx 45% complete for YRLP_0009_1_UN_Whole_C1_WGWGS_A14883_22VNMHLT3_CCGCTACCAA_L003_R1_001.fastq.gz
Approx 45% complete for YRLP_0009_1_UN_Whole_C1_WGWGS_A14883_22VNMHLT3_CCGCTACCAA_L003_R2_001.fastq.gz
Approx 50% complete for YRLP_0009_1_UN_Whole_C1_WGWGS_A14883_22VNMHLT3_CCGCTACCAA_L003_R1_001.fastq.gz
Approx 50% complete for YRLP_0009_1_UN_Whole_C1_WGWGS_A14883_22VNMHLT3_CCGCTACCAA_L003_R2_001.fastq.gz
Approx 55% complete for YRLP_0009_1_UN_Whole_C1_WGWGS_A14883_22VNMHLT3_CCGCTACCAA_L003_R1_001.fastq.gz
Approx 55% complete for YRLP_0009_1_UN_Whole_C1_WGWGS_A14883_22VNMHLT3_CCGCTACCAA_L003_R2_001.fastq.gz
Approx 60% complete for YRLP_0009_1_UN_Whole_C1_WGWGS_A14883_22VNMHLT3_CCGCTACCAA_L003_R1_001.fastq.gz
Approx 60% complete for YRLP_0009_1_UN_Whole_C1_WGWGS_A14883_22VNMHLT3_CCGCTACCAA_L003_R2_001.fastq.gz
Approx 65% complete for YRLP_0009_1_UN_Whole_C1_WGWGS_A14883_22VNMHLT3_CCGCTACCAA_L003_R1_001.fastq.gz
Approx 65% complete for YRLP_0009_1_UN_Whole_C1_WGWGS_A14883_22VNMHLT3_CCGCTACCAA_L003_R2_001.fastq.gz
Approx 70% complete for YRLP_0009_1_UN_Whole_C1_WGWGS_A14883_22VNMHLT3_CCGCTACCAA_L003_R1_001.fastq.gz
Approx 70% complete for YRLP_0009_1_UN_Whole_C1_WGWGS_A14883_22VNMHLT3_CCGCTACCAA_L003_R2_001.fastq.gz
Approx 75% complete for YRLP_0009_1_UN_Whole_C1_WGWGS_A14883_22VNMHLT3_CCGCTACCAA_L003_R1_001.fastq.gz
Approx 75% complete for YRLP_0009_1_UN_Whole_C1_WGWGS_A14883_22VNMHLT3_CCGCTACCAA_L003_R2_001.fastq.gz
Approx 80% complete for YRLP_0009_1_UN_Whole_C1_WGWGS_A14883_22VNMHLT3_CCGCTACCAA_L003_R1_001.fastq.gz
Approx 80% complete for YRLP_0009_1_UN_Whole_C1_WGWGS_A14883_22VNMHLT3_CCGCTACCAA_L003_R2_001.fastq.gz
Approx 85% complete for YRLP_0009_1_UN_Whole_C1_WGWGS_A14883_22VNMHLT3_CCGCTACCAA_L003_R1_001.fastq.gz
Approx 85% complete for YRLP_0009_1_UN_Whole_C1_WGWGS_A14883_22VNMHLT3_CCGCTACCAA_L003_R2_001.fastq.gz
Approx 90% complete for YRLP_0009_1_UN_Whole_C1_WGWGS_A14883_22VNMHLT3_CCGCTACCAA_L003_R1_001.fastq.gz
Approx 90% complete for YRLP_0009_1_UN_Whole_C1_WGWGS_A14883_22VNMHLT3_CCGCTACCAA_L003_R2_001.fastq.gz
Approx 95% complete for YRLP_0009_1_UN_Whole_C1_WGWGS_A14883_22VNMHLT3_CCGCTACCAA_L003_R1_001.fastq.gz
Approx 95% complete for YRLP_0009_1_UN_Whole_C1_WGWGS_A14883_22VNMHLT3_CCGCTACCAA_L003_R2_001.fastq.gz
Read1 before filtering:
total reads: 10942527
total bases: 1652321577
Q20 bases: 1559853646(94.4038%)
Q30 bases: 1425559263(86.2761%)

Read2 before filtering:
total reads: 10942527
total bases: 1652321577
Q20 bases: 1535855669(92.9514%)
Q30 bases: 1390650544(84.1634%)

Read1 after filtering:
total reads: 10931833
total bases: 1400280300
Q20 bases: 1339352268(95.6489%)
Q30 bases: 1235721307(88.2481%)

Read2 after filtering:
total reads: 10931833
total bases: 1401035928
Q20 bases: 1342117236(95.7946%)
Q30 bases: 1247398419(89.034%)

Filtering result:
reads passed filter: 21863666
reads failed due to low quality: 0
reads failed due to too many N: 0
reads failed due to too short: 21388
reads with adapter trimmed: 12414336
bases trimmed due to adapters: 444459618

Duplication rate: 0.406684%

Insert size peak (evaluated by paired-end reads): 121

JSON report: /home/janzules/ctDNA_11042024/data/output_mice/fastp_cleaned/reports/A14883.json
HTML report: /home/janzules/ctDNA_11042024/data/output_mice/fastp_cleaned/reports/A14883.html

fastp -i /home/janzules/ctDNA_11042024/data/20241101_LH00295_0150_B22VNMHLT3/YRLP_0009/YRLP_0009_1_UN_Whole_C1_WGWGS_A14883_22VNMHLT3_CCGCTACCAA_L003_R1_001.fastq.gz -o /home/janzules/ctDNA_11042024/data/output_mice/fastp_cleaned/cleaned/A14883_R1.fastq.gz -I /home/janzules/ctDNA_11042024/data/20241101_LH00295_0150_B22VNMHLT3/YRLP_0009/YRLP_0009_1_UN_Whole_C1_WGWGS_A14883_22VNMHLT3_CCGCTACCAA_L003_R2_001.fastq.gz -O /home/janzules/ctDNA_11042024/data/output_mice/fastp_cleaned/cleaned/A14883_R2.fastq.gz -w 16 --disable_quality_filtering --trim_poly_g --adapter_sequence AGATCGGAAGAGCACACGTCTGAACTCCAGTCA --adapter_sequence_r2 AGATCGGAAGAGCGTCGTGTAGGGAAAGAGTGT --cut_tail --cut_mean_quality 20 --cut_window_size 4 --json /home/janzules/ctDNA_11042024/data/output_mice/fastp_cleaned/reports/A14883.json --html /home/janzules/ctDNA_11042024/data/output_mice/fastp_cleaned/reports/A14883.html 
fastp v0.21.0, time used: 108 seconds
Started analysis of A14883_R1.fastq.gz
Started analysis of A14883_R2.fastq.gz
Approx 5% complete for A14883_R2.fastq.gz
Approx 5% complete for A14883_R1.fastq.gz
Approx 10% complete for A14883_R2.fastq.gz
Approx 10% complete for A14883_R1.fastq.gz
Approx 15% complete for A14883_R2.fastq.gz
Approx 15% complete for A14883_R1.fastq.gz
Approx 20% complete for A14883_R2.fastq.gz
Approx 20% complete for A14883_R1.fastq.gz
Approx 25% complete for A14883_R2.fastq.gz
Approx 25% complete for A14883_R1.fastq.gz
Approx 30% complete for A14883_R2.fastq.gz
Approx 30% complete for A14883_R1.fastq.gz
Approx 35% complete for A14883_R2.fastq.gz
Approx 35% complete for A14883_R1.fastq.gz
Approx 40% complete for A14883_R2.fastq.gz
Approx 40% complete for A14883_R1.fastq.gz
Approx 45% complete for A14883_R2.fastq.gz
Approx 45% complete for A14883_R1.fastq.gz
Approx 50% complete for A14883_R2.fastq.gz
Approx 50% complete for A14883_R1.fastq.gz
Approx 55% complete for A14883_R2.fastq.gz
Approx 55% complete for A14883_R1.fastq.gz
Approx 60% complete for A14883_R2.fastq.gz
Approx 60% complete for A14883_R1.fastq.gz
Approx 65% complete for A14883_R2.fastq.gz
Approx 65% complete for A14883_R1.fastq.gz
Approx 70% complete for A14883_R2.fastq.gz
Approx 70% complete for A14883_R1.fastq.gz
Approx 75% complete for A14883_R2.fastq.gz
Approx 75% complete for A14883_R1.fastq.gz
Approx 80% complete for A14883_R2.fastq.gz
Approx 80% complete for A14883_R1.fastq.gz
Approx 85% complete for A14883_R2.fastq.gz
Approx 85% complete for A14883_R1.fastq.gz
Approx 90% complete for A14883_R2.fastq.gz
Approx 90% complete for A14883_R1.fastq.gz
Approx 95% complete for A14883_R2.fastq.gz
Approx 95% complete for A14883_R1.fastq.gz
Started analysis of YRLP_0012_1_UN_Whole_C1_WGWGS_A14886_22VNMHLT3_TTAACGCAGA_L003_R1_001.fastq.gz
Started analysis of YRLP_0012_1_UN_Whole_C1_WGWGS_A14886_22VNMHLT3_TTAACGCAGA_L003_R2_001.fastq.gz
Approx 5% complete for YRLP_0012_1_UN_Whole_C1_WGWGS_A14886_22VNMHLT3_TTAACGCAGA_L003_R1_001.fastq.gz
Approx 5% complete for YRLP_0012_1_UN_Whole_C1_WGWGS_A14886_22VNMHLT3_TTAACGCAGA_L003_R2_001.fastq.gz
Approx 10% complete for YRLP_0012_1_UN_Whole_C1_WGWGS_A14886_22VNMHLT3_TTAACGCAGA_L003_R1_001.fastq.gz
Approx 10% complete for YRLP_0012_1_UN_Whole_C1_WGWGS_A14886_22VNMHLT3_TTAACGCAGA_L003_R2_001.fastq.gz
Approx 15% complete for YRLP_0012_1_UN_Whole_C1_WGWGS_A14886_22VNMHLT3_TTAACGCAGA_L003_R1_001.fastq.gz
Approx 15% complete for YRLP_0012_1_UN_Whole_C1_WGWGS_A14886_22VNMHLT3_TTAACGCAGA_L003_R2_001.fastq.gz
Approx 20% complete for YRLP_0012_1_UN_Whole_C1_WGWGS_A14886_22VNMHLT3_TTAACGCAGA_L003_R1_001.fastq.gz
Approx 20% complete for YRLP_0012_1_UN_Whole_C1_WGWGS_A14886_22VNMHLT3_TTAACGCAGA_L003_R2_001.fastq.gz
Approx 25% complete for YRLP_0012_1_UN_Whole_C1_WGWGS_A14886_22VNMHLT3_TTAACGCAGA_L003_R1_001.fastq.gz
Approx 25% complete for YRLP_0012_1_UN_Whole_C1_WGWGS_A14886_22VNMHLT3_TTAACGCAGA_L003_R2_001.fastq.gz
Approx 30% complete for YRLP_0012_1_UN_Whole_C1_WGWGS_A14886_22VNMHLT3_TTAACGCAGA_L003_R1_001.fastq.gz
Approx 30% complete for YRLP_0012_1_UN_Whole_C1_WGWGS_A14886_22VNMHLT3_TTAACGCAGA_L003_R2_001.fastq.gz
Approx 35% complete for YRLP_0012_1_UN_Whole_C1_WGWGS_A14886_22VNMHLT3_TTAACGCAGA_L003_R1_001.fastq.gz
Approx 35% complete for YRLP_0012_1_UN_Whole_C1_WGWGS_A14886_22VNMHLT3_TTAACGCAGA_L003_R2_001.fastq.gz
Approx 40% complete for YRLP_0012_1_UN_Whole_C1_WGWGS_A14886_22VNMHLT3_TTAACGCAGA_L003_R1_001.fastq.gz
Approx 40% complete for YRLP_0012_1_UN_Whole_C1_WGWGS_A14886_22VNMHLT3_TTAACGCAGA_L003_R2_001.fastq.gz
Approx 45% complete for YRLP_0012_1_UN_Whole_C1_WGWGS_A14886_22VNMHLT3_TTAACGCAGA_L003_R1_001.fastq.gz
Approx 45% complete for YRLP_0012_1_UN_Whole_C1_WGWGS_A14886_22VNMHLT3_TTAACGCAGA_L003_R2_001.fastq.gz
Approx 50% complete for YRLP_0012_1_UN_Whole_C1_WGWGS_A14886_22VNMHLT3_TTAACGCAGA_L003_R1_001.fastq.gz
Approx 50% complete for YRLP_0012_1_UN_Whole_C1_WGWGS_A14886_22VNMHLT3_TTAACGCAGA_L003_R2_001.fastq.gz
Approx 55% complete for YRLP_0012_1_UN_Whole_C1_WGWGS_A14886_22VNMHLT3_TTAACGCAGA_L003_R1_001.fastq.gz
Approx 55% complete for YRLP_0012_1_UN_Whole_C1_WGWGS_A14886_22VNMHLT3_TTAACGCAGA_L003_R2_001.fastq.gz
Approx 60% complete for YRLP_0012_1_UN_Whole_C1_WGWGS_A14886_22VNMHLT3_TTAACGCAGA_L003_R1_001.fastq.gz
Approx 60% complete for YRLP_0012_1_UN_Whole_C1_WGWGS_A14886_22VNMHLT3_TTAACGCAGA_L003_R2_001.fastq.gz
Approx 65% complete for YRLP_0012_1_UN_Whole_C1_WGWGS_A14886_22VNMHLT3_TTAACGCAGA_L003_R1_001.fastq.gz
Approx 65% complete for YRLP_0012_1_UN_Whole_C1_WGWGS_A14886_22VNMHLT3_TTAACGCAGA_L003_R2_001.fastq.gz
Approx 70% complete for YRLP_0012_1_UN_Whole_C1_WGWGS_A14886_22VNMHLT3_TTAACGCAGA_L003_R1_001.fastq.gz
Approx 70% complete for YRLP_0012_1_UN_Whole_C1_WGWGS_A14886_22VNMHLT3_TTAACGCAGA_L003_R2_001.fastq.gz
Approx 75% complete for YRLP_0012_1_UN_Whole_C1_WGWGS_A14886_22VNMHLT3_TTAACGCAGA_L003_R1_001.fastq.gz
Approx 75% complete for YRLP_0012_1_UN_Whole_C1_WGWGS_A14886_22VNMHLT3_TTAACGCAGA_L003_R2_001.fastq.gz
Approx 80% complete for YRLP_0012_1_UN_Whole_C1_WGWGS_A14886_22VNMHLT3_TTAACGCAGA_L003_R1_001.fastq.gz
Approx 80% complete for YRLP_0012_1_UN_Whole_C1_WGWGS_A14886_22VNMHLT3_TTAACGCAGA_L003_R2_001.fastq.gz
Approx 85% complete for YRLP_0012_1_UN_Whole_C1_WGWGS_A14886_22VNMHLT3_TTAACGCAGA_L003_R1_001.fastq.gz
Approx 85% complete for YRLP_0012_1_UN_Whole_C1_WGWGS_A14886_22VNMHLT3_TTAACGCAGA_L003_R2_001.fastq.gz
Approx 90% complete for YRLP_0012_1_UN_Whole_C1_WGWGS_A14886_22VNMHLT3_TTAACGCAGA_L003_R1_001.fastq.gz
Approx 90% complete for YRLP_0012_1_UN_Whole_C1_WGWGS_A14886_22VNMHLT3_TTAACGCAGA_L003_R2_001.fastq.gz
Approx 95% complete for YRLP_0012_1_UN_Whole_C1_WGWGS_A14886_22VNMHLT3_TTAACGCAGA_L003_R1_001.fastq.gz
Approx 95% complete for YRLP_0012_1_UN_Whole_C1_WGWGS_A14886_22VNMHLT3_TTAACGCAGA_L003_R2_001.fastq.gz
Read1 before filtering:
total reads: 6575700
total bases: 992930700
Q20 bases: 931227835(93.7858%)
Q30 bases: 848587122(85.4629%)

Read2 before filtering:
total reads: 6575700
total bases: 992930700
Q20 bases: 915435485(92.1953%)
Q30 bases: 820214057(82.6054%)

Read1 after filtering:
total reads: 6567492
total bases: 818320713
Q20 bases: 783758484(95.7764%)
Q30 bases: 724156888(88.493%)

Read2 after filtering:
total reads: 6567492
total bases: 818848004
Q20 bases: 781650627(95.4574%)
Q30 bases: 722217761(88.1992%)

Filtering result:
reads passed filter: 13134984
reads failed due to low quality: 0
reads failed due to too many N: 0
reads failed due to too short: 16416
reads with adapter trimmed: 7977174
bases trimmed due to adapters: 308191893

Duplication rate: 0.478102%

Insert size peak (evaluated by paired-end reads): 111

JSON report: /home/janzules/ctDNA_11042024/data/output_mice/fastp_cleaned/reports/A14886.json
HTML report: /home/janzules/ctDNA_11042024/data/output_mice/fastp_cleaned/reports/A14886.html

fastp -i /home/janzules/ctDNA_11042024/data/20241101_LH00295_0150_B22VNMHLT3/YRLP_0012/YRLP_0012_1_UN_Whole_C1_WGWGS_A14886_22VNMHLT3_TTAACGCAGA_L003_R1_001.fastq.gz -o /home/janzules/ctDNA_11042024/data/output_mice/fastp_cleaned/cleaned/A14886_R1.fastq.gz -I /home/janzules/ctDNA_11042024/data/20241101_LH00295_0150_B22VNMHLT3/YRLP_0012/YRLP_0012_1_UN_Whole_C1_WGWGS_A14886_22VNMHLT3_TTAACGCAGA_L003_R2_001.fastq.gz -O /home/janzules/ctDNA_11042024/data/output_mice/fastp_cleaned/cleaned/A14886_R2.fastq.gz -w 16 --disable_quality_filtering --trim_poly_g --adapter_sequence AGATCGGAAGAGCACACGTCTGAACTCCAGTCA --adapter_sequence_r2 AGATCGGAAGAGCGTCGTGTAGGGAAAGAGTGT --cut_tail --cut_mean_quality 20 --cut_window_size 4 --json /home/janzules/ctDNA_11042024/data/output_mice/fastp_cleaned/reports/A14886.json --html /home/janzules/ctDNA_11042024/data/output_mice/fastp_cleaned/reports/A14886.html 
fastp v0.21.0, time used: 71 seconds
Started analysis of A14886_R1.fastq.gz
Started analysis of A14886_R2.fastq.gz
Approx 5% complete for A14886_R2.fastq.gz
Approx 5% complete for A14886_R1.fastq.gz
Approx 10% complete for A14886_R2.fastq.gz
Approx 10% complete for A14886_R1.fastq.gz
Approx 15% complete for A14886_R2.fastq.gz
Approx 15% complete for A14886_R1.fastq.gz
Approx 20% complete for A14886_R2.fastq.gz
Approx 20% complete for A14886_R1.fastq.gz
Approx 25% complete for A14886_R2.fastq.gz
Approx 25% complete for A14886_R1.fastq.gz
Approx 30% complete for A14886_R2.fastq.gz
Approx 30% complete for A14886_R1.fastq.gz
Approx 35% complete for A14886_R2.fastq.gz
Approx 35% complete for A14886_R1.fastq.gz
Approx 40% complete for A14886_R2.fastq.gz
Approx 40% complete for A14886_R1.fastq.gz
Approx 45% complete for A14886_R2.fastq.gz
Approx 45% complete for A14886_R1.fastq.gz
Approx 50% complete for A14886_R2.fastq.gz
Approx 50% complete for A14886_R1.fastq.gz
Approx 55% complete for A14886_R2.fastq.gz
Approx 55% complete for A14886_R1.fastq.gz
Approx 60% complete for A14886_R2.fastq.gz
Approx 60% complete for A14886_R1.fastq.gz
Approx 65% complete for A14886_R2.fastq.gz
Approx 65% complete for A14886_R1.fastq.gz
Approx 70% complete for A14886_R2.fastq.gz
Approx 70% complete for A14886_R1.fastq.gz
Approx 75% complete for A14886_R2.fastq.gz
Approx 75% complete for A14886_R1.fastq.gz
Approx 80% complete for A14886_R2.fastq.gz
Approx 80% complete for A14886_R1.fastq.gz
Approx 85% complete for A14886_R2.fastq.gz
Approx 85% complete for A14886_R1.fastq.gz
Approx 90% complete for A14886_R2.fastq.gz
Approx 90% complete for A14886_R1.fastq.gz
Approx 95% complete for A14886_R2.fastq.gz
Approx 95% complete for A14886_R1.fastq.gz
Started analysis of YRLP_0013_1_UN_Whole_C1_WGWGS_A14887_22VNMHLT3_AGGTAGTGCG_L003_R1_001.fastq.gz
Started analysis of YRLP_0013_1_UN_Whole_C1_WGWGS_A14887_22VNMHLT3_AGGTAGTGCG_L003_R2_001.fastq.gz
Approx 5% complete for YRLP_0013_1_UN_Whole_C1_WGWGS_A14887_22VNMHLT3_AGGTAGTGCG_L003_R1_001.fastq.gz
Approx 5% complete for YRLP_0013_1_UN_Whole_C1_WGWGS_A14887_22VNMHLT3_AGGTAGTGCG_L003_R2_001.fastq.gz
Approx 10% complete for YRLP_0013_1_UN_Whole_C1_WGWGS_A14887_22VNMHLT3_AGGTAGTGCG_L003_R1_001.fastq.gz
Approx 10% complete for YRLP_0013_1_UN_Whole_C1_WGWGS_A14887_22VNMHLT3_AGGTAGTGCG_L003_R2_001.fastq.gz
Approx 15% complete for YRLP_0013_1_UN_Whole_C1_WGWGS_A14887_22VNMHLT3_AGGTAGTGCG_L003_R1_001.fastq.gz
Approx 15% complete for YRLP_0013_1_UN_Whole_C1_WGWGS_A14887_22VNMHLT3_AGGTAGTGCG_L003_R2_001.fastq.gz
Approx 20% complete for YRLP_0013_1_UN_Whole_C1_WGWGS_A14887_22VNMHLT3_AGGTAGTGCG_L003_R1_001.fastq.gz
Approx 20% complete for YRLP_0013_1_UN_Whole_C1_WGWGS_A14887_22VNMHLT3_AGGTAGTGCG_L003_R2_001.fastq.gz
Approx 25% complete for YRLP_0013_1_UN_Whole_C1_WGWGS_A14887_22VNMHLT3_AGGTAGTGCG_L003_R1_001.fastq.gz
Approx 25% complete for YRLP_0013_1_UN_Whole_C1_WGWGS_A14887_22VNMHLT3_AGGTAGTGCG_L003_R2_001.fastq.gz
Approx 30% complete for YRLP_0013_1_UN_Whole_C1_WGWGS_A14887_22VNMHLT3_AGGTAGTGCG_L003_R1_001.fastq.gz
Approx 30% complete for YRLP_0013_1_UN_Whole_C1_WGWGS_A14887_22VNMHLT3_AGGTAGTGCG_L003_R2_001.fastq.gz
Approx 35% complete for YRLP_0013_1_UN_Whole_C1_WGWGS_A14887_22VNMHLT3_AGGTAGTGCG_L003_R1_001.fastq.gz
Approx 35% complete for YRLP_0013_1_UN_Whole_C1_WGWGS_A14887_22VNMHLT3_AGGTAGTGCG_L003_R2_001.fastq.gz
Approx 40% complete for YRLP_0013_1_UN_Whole_C1_WGWGS_A14887_22VNMHLT3_AGGTAGTGCG_L003_R1_001.fastq.gz
Approx 40% complete for YRLP_0013_1_UN_Whole_C1_WGWGS_A14887_22VNMHLT3_AGGTAGTGCG_L003_R2_001.fastq.gz
Approx 45% complete for YRLP_0013_1_UN_Whole_C1_WGWGS_A14887_22VNMHLT3_AGGTAGTGCG_L003_R1_001.fastq.gz
Approx 45% complete for YRLP_0013_1_UN_Whole_C1_WGWGS_A14887_22VNMHLT3_AGGTAGTGCG_L003_R2_001.fastq.gz
Approx 50% complete for YRLP_0013_1_UN_Whole_C1_WGWGS_A14887_22VNMHLT3_AGGTAGTGCG_L003_R1_001.fastq.gz
Approx 50% complete for YRLP_0013_1_UN_Whole_C1_WGWGS_A14887_22VNMHLT3_AGGTAGTGCG_L003_R2_001.fastq.gz
Approx 55% complete for YRLP_0013_1_UN_Whole_C1_WGWGS_A14887_22VNMHLT3_AGGTAGTGCG_L003_R1_001.fastq.gz
Approx 60% complete for YRLP_0013_1_UN_Whole_C1_WGWGS_A14887_22VNMHLT3_AGGTAGTGCG_L003_R1_001.fastq.gz
Approx 55% complete for YRLP_0013_1_UN_Whole_C1_WGWGS_A14887_22VNMHLT3_AGGTAGTGCG_L003_R2_001.fastq.gz
Approx 65% complete for YRLP_0013_1_UN_Whole_C1_WGWGS_A14887_22VNMHLT3_AGGTAGTGCG_L003_R1_001.fastq.gz
Approx 60% complete for YRLP_0013_1_UN_Whole_C1_WGWGS_A14887_22VNMHLT3_AGGTAGTGCG_L003_R2_001.fastq.gz
Approx 70% complete for YRLP_0013_1_UN_Whole_C1_WGWGS_A14887_22VNMHLT3_AGGTAGTGCG_L003_R1_001.fastq.gz
Approx 65% complete for YRLP_0013_1_UN_Whole_C1_WGWGS_A14887_22VNMHLT3_AGGTAGTGCG_L003_R2_001.fastq.gz
Approx 75% complete for YRLP_0013_1_UN_Whole_C1_WGWGS_A14887_22VNMHLT3_AGGTAGTGCG_L003_R1_001.fastq.gz
Approx 70% complete for YRLP_0013_1_UN_Whole_C1_WGWGS_A14887_22VNMHLT3_AGGTAGTGCG_L003_R2_001.fastq.gz
Approx 80% complete for YRLP_0013_1_UN_Whole_C1_WGWGS_A14887_22VNMHLT3_AGGTAGTGCG_L003_R1_001.fastq.gz
Approx 75% complete for YRLP_0013_1_UN_Whole_C1_WGWGS_A14887_22VNMHLT3_AGGTAGTGCG_L003_R2_001.fastq.gz
Approx 85% complete for YRLP_0013_1_UN_Whole_C1_WGWGS_A14887_22VNMHLT3_AGGTAGTGCG_L003_R1_001.fastq.gz
Approx 80% complete for YRLP_0013_1_UN_Whole_C1_WGWGS_A14887_22VNMHLT3_AGGTAGTGCG_L003_R2_001.fastq.gz
Approx 90% complete for YRLP_0013_1_UN_Whole_C1_WGWGS_A14887_22VNMHLT3_AGGTAGTGCG_L003_R1_001.fastq.gz
Approx 85% complete for YRLP_0013_1_UN_Whole_C1_WGWGS_A14887_22VNMHLT3_AGGTAGTGCG_L003_R2_001.fastq.gz
Approx 95% complete for YRLP_0013_1_UN_Whole_C1_WGWGS_A14887_22VNMHLT3_AGGTAGTGCG_L003_R1_001.fastq.gz
Approx 90% complete for YRLP_0013_1_UN_Whole_C1_WGWGS_A14887_22VNMHLT3_AGGTAGTGCG_L003_R2_001.fastq.gz
Approx 95% complete for YRLP_0013_1_UN_Whole_C1_WGWGS_A14887_22VNMHLT3_AGGTAGTGCG_L003_R2_001.fastq.gz
Read1 before filtering:
total reads: 9088956
total bases: 1372432356
Q20 bases: 1301670972(94.8441%)
Q30 bases: 1195129764(87.0811%)

Read2 before filtering:
total reads: 9088956
total bases: 1372432356
Q20 bases: 1282926131(93.4783%)
Q30 bases: 1167683917(85.0813%)

Read1 after filtering:
total reads: 9079246
total bases: 1191229163
Q20 bases: 1141078600(95.79%)
Q30 bases: 1055261115(88.5859%)

Read2 after filtering:
total reads: 9079246
total bases: 1191698081
Q20 bases: 1141477730(95.7858%)
Q30 bases: 1060501165(88.9908%)

Filtering result:
reads passed filter: 18158492
reads failed due to low quality: 0
reads failed due to too many N: 0
reads failed due to too short: 19420
reads with adapter trimmed: 9604512
bases trimmed due to adapters: 322373162

Duplication rate: 0.469511%

Insert size peak (evaluated by paired-end reads): 122

JSON report: /home/janzules/ctDNA_11042024/data/output_mice/fastp_cleaned/reports/A14887.json
HTML report: /home/janzules/ctDNA_11042024/data/output_mice/fastp_cleaned/reports/A14887.html

fastp -i /home/janzules/ctDNA_11042024/data/20241101_LH00295_0150_B22VNMHLT3/YRLP_0013/YRLP_0013_1_UN_Whole_C1_WGWGS_A14887_22VNMHLT3_AGGTAGTGCG_L003_R1_001.fastq.gz -o /home/janzules/ctDNA_11042024/data/output_mice/fastp_cleaned/cleaned/A14887_R1.fastq.gz -I /home/janzules/ctDNA_11042024/data/20241101_LH00295_0150_B22VNMHLT3/YRLP_0013/YRLP_0013_1_UN_Whole_C1_WGWGS_A14887_22VNMHLT3_AGGTAGTGCG_L003_R2_001.fastq.gz -O /home/janzules/ctDNA_11042024/data/output_mice/fastp_cleaned/cleaned/A14887_R2.fastq.gz -w 16 --disable_quality_filtering --trim_poly_g --adapter_sequence AGATCGGAAGAGCACACGTCTGAACTCCAGTCA --adapter_sequence_r2 AGATCGGAAGAGCGTCGTGTAGGGAAAGAGTGT --cut_tail --cut_mean_quality 20 --cut_window_size 4 --json /home/janzules/ctDNA_11042024/data/output_mice/fastp_cleaned/reports/A14887.json --html /home/janzules/ctDNA_11042024/data/output_mice/fastp_cleaned/reports/A14887.html 
fastp v0.21.0, time used: 90 seconds
Started analysis of A14887_R1.fastq.gz
Started analysis of A14887_R2.fastq.gz
Approx 5% complete for A14887_R1.fastq.gz
Approx 5% complete for A14887_R2.fastq.gz
Approx 10% complete for A14887_R1.fastq.gz
Approx 10% complete for A14887_R2.fastq.gz
Approx 15% complete for A14887_R1.fastq.gz
Approx 15% complete for A14887_R2.fastq.gz
Approx 20% complete for A14887_R1.fastq.gz
Approx 20% complete for A14887_R2.fastq.gz
Approx 25% complete for A14887_R1.fastq.gz
Approx 25% complete for A14887_R2.fastq.gz
Approx 30% complete for A14887_R1.fastq.gz
Approx 30% complete for A14887_R2.fastq.gz
Approx 35% complete for A14887_R1.fastq.gz
Approx 35% complete for A14887_R2.fastq.gz
Approx 40% complete for A14887_R1.fastq.gz
Approx 45% complete for A14887_R1.fastq.gz
Approx 40% complete for A14887_R2.fastq.gz
Approx 50% complete for A14887_R1.fastq.gz
Approx 45% complete for A14887_R2.fastq.gz
Approx 55% complete for A14887_R1.fastq.gz
Approx 50% complete for A14887_R2.fastq.gz
Approx 60% complete for A14887_R1.fastq.gz
Approx 55% complete for A14887_R2.fastq.gz
Approx 65% complete for A14887_R1.fastq.gz
Approx 60% complete for A14887_R2.fastq.gz
Approx 70% complete for A14887_R1.fastq.gz
Approx 65% complete for A14887_R2.fastq.gz
Approx 75% complete for A14887_R1.fastq.gz
Approx 70% complete for A14887_R2.fastq.gz
Approx 80% complete for A14887_R1.fastq.gz
Approx 75% complete for A14887_R2.fastq.gz
Approx 85% complete for A14887_R1.fastq.gz
Approx 80% complete for A14887_R2.fastq.gz
Approx 90% complete for A14887_R1.fastq.gz
Approx 85% complete for A14887_R2.fastq.gz
Approx 95% complete for A14887_R1.fastq.gz
Approx 90% complete for A14887_R2.fastq.gz
Approx 95% complete for A14887_R2.fastq.gz
Started analysis of YRLP_0015_1_UN_Whole_C1_WGWGS_A14889_22VNMHLT3_ACTTGTGACG_L003_R1_001.fastq.gz
Started analysis of YRLP_0015_1_UN_Whole_C1_WGWGS_A14889_22VNMHLT3_ACTTGTGACG_L003_R2_001.fastq.gz
Approx 5% complete for YRLP_0015_1_UN_Whole_C1_WGWGS_A14889_22VNMHLT3_ACTTGTGACG_L003_R1_001.fastq.gz
Approx 5% complete for YRLP_0015_1_UN_Whole_C1_WGWGS_A14889_22VNMHLT3_ACTTGTGACG_L003_R2_001.fastq.gz
Approx 10% complete for YRLP_0015_1_UN_Whole_C1_WGWGS_A14889_22VNMHLT3_ACTTGTGACG_L003_R1_001.fastq.gz
Approx 10% complete for YRLP_0015_1_UN_Whole_C1_WGWGS_A14889_22VNMHLT3_ACTTGTGACG_L003_R2_001.fastq.gz
Approx 15% complete for YRLP_0015_1_UN_Whole_C1_WGWGS_A14889_22VNMHLT3_ACTTGTGACG_L003_R1_001.fastq.gz
Approx 15% complete for YRLP_0015_1_UN_Whole_C1_WGWGS_A14889_22VNMHLT3_ACTTGTGACG_L003_R2_001.fastq.gz
Approx 20% complete for YRLP_0015_1_UN_Whole_C1_WGWGS_A14889_22VNMHLT3_ACTTGTGACG_L003_R2_001.fastq.gz
Approx 20% complete for YRLP_0015_1_UN_Whole_C1_WGWGS_A14889_22VNMHLT3_ACTTGTGACG_L003_R1_001.fastq.gz
Approx 25% complete for YRLP_0015_1_UN_Whole_C1_WGWGS_A14889_22VNMHLT3_ACTTGTGACG_L003_R2_001.fastq.gz
Approx 25% complete for YRLP_0015_1_UN_Whole_C1_WGWGS_A14889_22VNMHLT3_ACTTGTGACG_L003_R1_001.fastq.gz
Approx 30% complete for YRLP_0015_1_UN_Whole_C1_WGWGS_A14889_22VNMHLT3_ACTTGTGACG_L003_R2_001.fastq.gz
Approx 30% complete for YRLP_0015_1_UN_Whole_C1_WGWGS_A14889_22VNMHLT3_ACTTGTGACG_L003_R1_001.fastq.gz
Approx 35% complete for YRLP_0015_1_UN_Whole_C1_WGWGS_A14889_22VNMHLT3_ACTTGTGACG_L003_R2_001.fastq.gz
Approx 35% complete for YRLP_0015_1_UN_Whole_C1_WGWGS_A14889_22VNMHLT3_ACTTGTGACG_L003_R1_001.fastq.gz
Approx 40% complete for YRLP_0015_1_UN_Whole_C1_WGWGS_A14889_22VNMHLT3_ACTTGTGACG_L003_R2_001.fastq.gz
Approx 40% complete for YRLP_0015_1_UN_Whole_C1_WGWGS_A14889_22VNMHLT3_ACTTGTGACG_L003_R1_001.fastq.gz
Approx 45% complete for YRLP_0015_1_UN_Whole_C1_WGWGS_A14889_22VNMHLT3_ACTTGTGACG_L003_R2_001.fastq.gz
Approx 45% complete for YRLP_0015_1_UN_Whole_C1_WGWGS_A14889_22VNMHLT3_ACTTGTGACG_L003_R1_001.fastq.gz
Approx 50% complete for YRLP_0015_1_UN_Whole_C1_WGWGS_A14889_22VNMHLT3_ACTTGTGACG_L003_R2_001.fastq.gz
Approx 50% complete for YRLP_0015_1_UN_Whole_C1_WGWGS_A14889_22VNMHLT3_ACTTGTGACG_L003_R1_001.fastq.gz
Approx 55% complete for YRLP_0015_1_UN_Whole_C1_WGWGS_A14889_22VNMHLT3_ACTTGTGACG_L003_R2_001.fastq.gz
Approx 60% complete for YRLP_0015_1_UN_Whole_C1_WGWGS_A14889_22VNMHLT3_ACTTGTGACG_L003_R2_001.fastq.gz
Approx 55% complete for YRLP_0015_1_UN_Whole_C1_WGWGS_A14889_22VNMHLT3_ACTTGTGACG_L003_R1_001.fastq.gz
Approx 65% complete for YRLP_0015_1_UN_Whole_C1_WGWGS_A14889_22VNMHLT3_ACTTGTGACG_L003_R2_001.fastq.gz
Approx 60% complete for YRLP_0015_1_UN_Whole_C1_WGWGS_A14889_22VNMHLT3_ACTTGTGACG_L003_R1_001.fastq.gz
Approx 70% complete for YRLP_0015_1_UN_Whole_C1_WGWGS_A14889_22VNMHLT3_ACTTGTGACG_L003_R2_001.fastq.gz
Approx 65% complete for YRLP_0015_1_UN_Whole_C1_WGWGS_A14889_22VNMHLT3_ACTTGTGACG_L003_R1_001.fastq.gz
Approx 75% complete for YRLP_0015_1_UN_Whole_C1_WGWGS_A14889_22VNMHLT3_ACTTGTGACG_L003_R2_001.fastq.gz
Approx 70% complete for YRLP_0015_1_UN_Whole_C1_WGWGS_A14889_22VNMHLT3_ACTTGTGACG_L003_R1_001.fastq.gz
Approx 80% complete for YRLP_0015_1_UN_Whole_C1_WGWGS_A14889_22VNMHLT3_ACTTGTGACG_L003_R2_001.fastq.gz
Approx 75% complete for YRLP_0015_1_UN_Whole_C1_WGWGS_A14889_22VNMHLT3_ACTTGTGACG_L003_R1_001.fastq.gz
Approx 80% complete for YRLP_0015_1_UN_Whole_C1_WGWGS_A14889_22VNMHLT3_ACTTGTGACG_L003_R1_001.fastq.gz
Approx 85% complete for YRLP_0015_1_UN_Whole_C1_WGWGS_A14889_22VNMHLT3_ACTTGTGACG_L003_R2_001.fastq.gz
Approx 85% complete for YRLP_0015_1_UN_Whole_C1_WGWGS_A14889_22VNMHLT3_ACTTGTGACG_L003_R1_001.fastq.gz
Approx 90% complete for YRLP_0015_1_UN_Whole_C1_WGWGS_A14889_22VNMHLT3_ACTTGTGACG_L003_R2_001.fastq.gz
Approx 90% complete for YRLP_0015_1_UN_Whole_C1_WGWGS_A14889_22VNMHLT3_ACTTGTGACG_L003_R1_001.fastq.gz
Approx 95% complete for YRLP_0015_1_UN_Whole_C1_WGWGS_A14889_22VNMHLT3_ACTTGTGACG_L003_R2_001.fastq.gz
Approx 95% complete for YRLP_0015_1_UN_Whole_C1_WGWGS_A14889_22VNMHLT3_ACTTGTGACG_L003_R1_001.fastq.gz
Read1 before filtering:
total reads: 11259387
total bases: 1700167437
Q20 bases: 1601423039(94.1921%)
Q30 bases: 1466587325(86.2613%)

Read2 before filtering:
total reads: 11259387
total bases: 1700167437
Q20 bases: 1575686589(92.6783%)
Q30 bases: 1422432302(83.6642%)

Read1 after filtering:
total reads: 11247077
total bases: 1420755024
Q20 bases: 1363083921(95.9408%)
Q30 bases: 1262633935(88.8706%)

Read2 after filtering:
total reads: 11247077
total bases: 1421665925
Q20 bases: 1362473264(95.8364%)
Q30 bases: 1266304190(89.0719%)

Filtering result:
reads passed filter: 22494154
reads failed due to low quality: 0
reads failed due to too many N: 0
reads failed due to too short: 24620
reads with adapter trimmed: 13245214
bases trimmed due to adapters: 496974009

Duplication rate: 0.531%

Insert size peak (evaluated by paired-end reads): 112

JSON report: /home/janzules/ctDNA_11042024/data/output_mice/fastp_cleaned/reports/A14889.json
HTML report: /home/janzules/ctDNA_11042024/data/output_mice/fastp_cleaned/reports/A14889.html

fastp -i /home/janzules/ctDNA_11042024/data/20241101_LH00295_0150_B22VNMHLT3/YRLP_0015/YRLP_0015_1_UN_Whole_C1_WGWGS_A14889_22VNMHLT3_ACTTGTGACG_L003_R1_001.fastq.gz -o /home/janzules/ctDNA_11042024/data/output_mice/fastp_cleaned/cleaned/A14889_R1.fastq.gz -I /home/janzules/ctDNA_11042024/data/20241101_LH00295_0150_B22VNMHLT3/YRLP_0015/YRLP_0015_1_UN_Whole_C1_WGWGS_A14889_22VNMHLT3_ACTTGTGACG_L003_R2_001.fastq.gz -O /home/janzules/ctDNA_11042024/data/output_mice/fastp_cleaned/cleaned/A14889_R2.fastq.gz -w 16 --disable_quality_filtering --trim_poly_g --adapter_sequence AGATCGGAAGAGCACACGTCTGAACTCCAGTCA --adapter_sequence_r2 AGATCGGAAGAGCGTCGTGTAGGGAAAGAGTGT --cut_tail --cut_mean_quality 20 --cut_window_size 4 --json /home/janzules/ctDNA_11042024/data/output_mice/fastp_cleaned/reports/A14889.json --html /home/janzules/ctDNA_11042024/data/output_mice/fastp_cleaned/reports/A14889.html 
fastp v0.21.0, time used: 99 seconds
Started analysis of A14889_R1.fastq.gz
Started analysis of A14889_R2.fastq.gz
Approx 5% complete for A14889_R2.fastq.gz
Approx 5% complete for A14889_R1.fastq.gz
Approx 10% complete for A14889_R2.fastq.gz
Approx 10% complete for A14889_R1.fastq.gz
Approx 15% complete for A14889_R2.fastq.gz
Approx 15% complete for A14889_R1.fastq.gz
Approx 20% complete for A14889_R2.fastq.gz
Approx 20% complete for A14889_R1.fastq.gz
Approx 25% complete for A14889_R2.fastq.gz
Approx 25% complete for A14889_R1.fastq.gz
Approx 30% complete for A14889_R2.fastq.gz
Approx 30% complete for A14889_R1.fastq.gz
Approx 35% complete for A14889_R2.fastq.gz
Approx 35% complete for A14889_R1.fastq.gz
Approx 40% complete for A14889_R2.fastq.gz
Approx 40% complete for A14889_R1.fastq.gz
Approx 45% complete for A14889_R2.fastq.gz
Approx 45% complete for A14889_R1.fastq.gz
Approx 50% complete for A14889_R2.fastq.gz
Approx 55% complete for A14889_R2.fastq.gz
Approx 50% complete for A14889_R1.fastq.gz
Approx 60% complete for A14889_R2.fastq.gz
Approx 55% complete for A14889_R1.fastq.gz
Approx 65% complete for A14889_R2.fastq.gz
Approx 60% complete for A14889_R1.fastq.gz
Approx 70% complete for A14889_R2.fastq.gz
Approx 65% complete for A14889_R1.fastq.gz
Approx 75% complete for A14889_R2.fastq.gz
Approx 70% complete for A14889_R1.fastq.gz
Approx 80% complete for A14889_R2.fastq.gz
Approx 75% complete for A14889_R1.fastq.gz
Approx 85% complete for A14889_R2.fastq.gz
Approx 80% complete for A14889_R1.fastq.gz
Approx 90% complete for A14889_R2.fastq.gz
Approx 85% complete for A14889_R1.fastq.gz
Approx 95% complete for A14889_R2.fastq.gz
Approx 90% complete for A14889_R1.fastq.gz
Approx 95% complete for A14889_R1.fastq.gz
Started analysis of YRLP_0016_1_UN_Whole_C1_WGWGS_A14890_22VNMHLT3_CCATGCGTTG_L003_R1_001.fastq.gz
Started analysis of YRLP_0016_1_UN_Whole_C1_WGWGS_A14890_22VNMHLT3_CCATGCGTTG_L003_R2_001.fastq.gz
Approx 5% complete for YRLP_0016_1_UN_Whole_C1_WGWGS_A14890_22VNMHLT3_CCATGCGTTG_L003_R2_001.fastq.gz
Approx 5% complete for YRLP_0016_1_UN_Whole_C1_WGWGS_A14890_22VNMHLT3_CCATGCGTTG_L003_R1_001.fastq.gz
Approx 10% complete for YRLP_0016_1_UN_Whole_C1_WGWGS_A14890_22VNMHLT3_CCATGCGTTG_L003_R2_001.fastq.gz
Approx 10% complete for YRLP_0016_1_UN_Whole_C1_WGWGS_A14890_22VNMHLT3_CCATGCGTTG_L003_R1_001.fastq.gz
Approx 15% complete for YRLP_0016_1_UN_Whole_C1_WGWGS_A14890_22VNMHLT3_CCATGCGTTG_L003_R2_001.fastq.gz
Approx 15% complete for YRLP_0016_1_UN_Whole_C1_WGWGS_A14890_22VNMHLT3_CCATGCGTTG_L003_R1_001.fastq.gz
Approx 20% complete for YRLP_0016_1_UN_Whole_C1_WGWGS_A14890_22VNMHLT3_CCATGCGTTG_L003_R2_001.fastq.gz
Approx 20% complete for YRLP_0016_1_UN_Whole_C1_WGWGS_A14890_22VNMHLT3_CCATGCGTTG_L003_R1_001.fastq.gz
Approx 25% complete for YRLP_0016_1_UN_Whole_C1_WGWGS_A14890_22VNMHLT3_CCATGCGTTG_L003_R2_001.fastq.gz
Approx 25% complete for YRLP_0016_1_UN_Whole_C1_WGWGS_A14890_22VNMHLT3_CCATGCGTTG_L003_R1_001.fastq.gz
Approx 30% complete for YRLP_0016_1_UN_Whole_C1_WGWGS_A14890_22VNMHLT3_CCATGCGTTG_L003_R2_001.fastq.gz
Approx 30% complete for YRLP_0016_1_UN_Whole_C1_WGWGS_A14890_22VNMHLT3_CCATGCGTTG_L003_R1_001.fastq.gz
Approx 35% complete for YRLP_0016_1_UN_Whole_C1_WGWGS_A14890_22VNMHLT3_CCATGCGTTG_L003_R2_001.fastq.gz
Approx 35% complete for YRLP_0016_1_UN_Whole_C1_WGWGS_A14890_22VNMHLT3_CCATGCGTTG_L003_R1_001.fastq.gz
Approx 40% complete for YRLP_0016_1_UN_Whole_C1_WGWGS_A14890_22VNMHLT3_CCATGCGTTG_L003_R2_001.fastq.gz
Approx 40% complete for YRLP_0016_1_UN_Whole_C1_WGWGS_A14890_22VNMHLT3_CCATGCGTTG_L003_R1_001.fastq.gz
Approx 45% complete for YRLP_0016_1_UN_Whole_C1_WGWGS_A14890_22VNMHLT3_CCATGCGTTG_L003_R2_001.fastq.gz
Approx 45% complete for YRLP_0016_1_UN_Whole_C1_WGWGS_A14890_22VNMHLT3_CCATGCGTTG_L003_R1_001.fastq.gz
Approx 50% complete for YRLP_0016_1_UN_Whole_C1_WGWGS_A14890_22VNMHLT3_CCATGCGTTG_L003_R2_001.fastq.gz
Approx 50% complete for YRLP_0016_1_UN_Whole_C1_WGWGS_A14890_22VNMHLT3_CCATGCGTTG_L003_R1_001.fastq.gz
Approx 55% complete for YRLP_0016_1_UN_Whole_C1_WGWGS_A14890_22VNMHLT3_CCATGCGTTG_L003_R2_001.fastq.gz
Approx 60% complete for YRLP_0016_1_UN_Whole_C1_WGWGS_A14890_22VNMHLT3_CCATGCGTTG_L003_R2_001.fastq.gz
Approx 55% complete for YRLP_0016_1_UN_Whole_C1_WGWGS_A14890_22VNMHLT3_CCATGCGTTG_L003_R1_001.fastq.gz
Approx 65% complete for YRLP_0016_1_UN_Whole_C1_WGWGS_A14890_22VNMHLT3_CCATGCGTTG_L003_R2_001.fastq.gz
Approx 60% complete for YRLP_0016_1_UN_Whole_C1_WGWGS_A14890_22VNMHLT3_CCATGCGTTG_L003_R1_001.fastq.gz
Approx 70% complete for YRLP_0016_1_UN_Whole_C1_WGWGS_A14890_22VNMHLT3_CCATGCGTTG_L003_R2_001.fastq.gz
Approx 65% complete for YRLP_0016_1_UN_Whole_C1_WGWGS_A14890_22VNMHLT3_CCATGCGTTG_L003_R1_001.fastq.gz
Approx 75% complete for YRLP_0016_1_UN_Whole_C1_WGWGS_A14890_22VNMHLT3_CCATGCGTTG_L003_R2_001.fastq.gz
Approx 70% complete for YRLP_0016_1_UN_Whole_C1_WGWGS_A14890_22VNMHLT3_CCATGCGTTG_L003_R1_001.fastq.gz
Approx 80% complete for YRLP_0016_1_UN_Whole_C1_WGWGS_A14890_22VNMHLT3_CCATGCGTTG_L003_R2_001.fastq.gz
Approx 75% complete for YRLP_0016_1_UN_Whole_C1_WGWGS_A14890_22VNMHLT3_CCATGCGTTG_L003_R1_001.fastq.gz
Approx 85% complete for YRLP_0016_1_UN_Whole_C1_WGWGS_A14890_22VNMHLT3_CCATGCGTTG_L003_R2_001.fastq.gz
Approx 80% complete for YRLP_0016_1_UN_Whole_C1_WGWGS_A14890_22VNMHLT3_CCATGCGTTG_L003_R1_001.fastq.gz
Approx 90% complete for YRLP_0016_1_UN_Whole_C1_WGWGS_A14890_22VNMHLT3_CCATGCGTTG_L003_R2_001.fastq.gz
Approx 85% complete for YRLP_0016_1_UN_Whole_C1_WGWGS_A14890_22VNMHLT3_CCATGCGTTG_L003_R1_001.fastq.gz
Approx 95% complete for YRLP_0016_1_UN_Whole_C1_WGWGS_A14890_22VNMHLT3_CCATGCGTTG_L003_R2_001.fastq.gz
Approx 90% complete for YRLP_0016_1_UN_Whole_C1_WGWGS_A14890_22VNMHLT3_CCATGCGTTG_L003_R1_001.fastq.gz
Approx 95% complete for YRLP_0016_1_UN_Whole_C1_WGWGS_A14890_22VNMHLT3_CCATGCGTTG_L003_R1_001.fastq.gz
Read1 before filtering:
total reads: 9855177
total bases: 1488131727
Q20 bases: 1398011064(93.944%)
Q30 bases: 1275889313(85.7377%)

Read2 before filtering:
total reads: 9855177
total bases: 1488131727
Q20 bases: 1386779934(93.1893%)
Q30 bases: 1257227940(84.4836%)

Read1 after filtering:
total reads: 9843432
total bases: 1257959626
Q20 bases: 1203228564(95.6492%)
Q30 bases: 1110249395(88.258%)

Read2 after filtering:
total reads: 9843432
total bases: 1258625180
Q20 bases: 1205124523(95.7493%)
Q30 bases: 1119661372(88.9591%)

Filtering result:
reads passed filter: 19686864
reads failed due to low quality: 0
reads failed due to too many N: 0
reads failed due to too short: 23490
reads with adapter trimmed: 10987084
bases trimmed due to adapters: 412657145

Duplication rate: 0.485772%

Insert size peak (evaluated by paired-end reads): 111

JSON report: /home/janzules/ctDNA_11042024/data/output_mice/fastp_cleaned/reports/A14890.json
HTML report: /home/janzules/ctDNA_11042024/data/output_mice/fastp_cleaned/reports/A14890.html

fastp -i /home/janzules/ctDNA_11042024/data/20241101_LH00295_0150_B22VNMHLT3/YRLP_0016/YRLP_0016_1_UN_Whole_C1_WGWGS_A14890_22VNMHLT3_CCATGCGTTG_L003_R1_001.fastq.gz -o /home/janzules/ctDNA_11042024/data/output_mice/fastp_cleaned/cleaned/A14890_R1.fastq.gz -I /home/janzules/ctDNA_11042024/data/20241101_LH00295_0150_B22VNMHLT3/YRLP_0016/YRLP_0016_1_UN_Whole_C1_WGWGS_A14890_22VNMHLT3_CCATGCGTTG_L003_R2_001.fastq.gz -O /home/janzules/ctDNA_11042024/data/output_mice/fastp_cleaned/cleaned/A14890_R2.fastq.gz -w 16 --disable_quality_filtering --trim_poly_g --adapter_sequence AGATCGGAAGAGCACACGTCTGAACTCCAGTCA --adapter_sequence_r2 AGATCGGAAGAGCGTCGTGTAGGGAAAGAGTGT --cut_tail --cut_mean_quality 20 --cut_window_size 4 --json /home/janzules/ctDNA_11042024/data/output_mice/fastp_cleaned/reports/A14890.json --html /home/janzules/ctDNA_11042024/data/output_mice/fastp_cleaned/reports/A14890.html 
fastp v0.21.0, time used: 93 seconds
Started analysis of A14890_R1.fastq.gz
Started analysis of A14890_R2.fastq.gz
Approx 5% complete for A14890_R1.fastq.gz
Approx 5% complete for A14890_R2.fastq.gz
Approx 10% complete for A14890_R1.fastq.gz
Approx 10% complete for A14890_R2.fastq.gz
Approx 15% complete for A14890_R1.fastq.gz
Approx 15% complete for A14890_R2.fastq.gz
Approx 20% complete for A14890_R1.fastq.gz
Approx 20% complete for A14890_R2.fastq.gz
Approx 25% complete for A14890_R1.fastq.gz
Approx 25% complete for A14890_R2.fastq.gz
Approx 30% complete for A14890_R1.fastq.gz
Approx 30% complete for A14890_R2.fastq.gz
Approx 35% complete for A14890_R1.fastq.gz
Approx 35% complete for A14890_R2.fastq.gz
Approx 40% complete for A14890_R1.fastq.gz
Approx 40% complete for A14890_R2.fastq.gz
Approx 45% complete for A14890_R1.fastq.gz
Approx 45% complete for A14890_R2.fastq.gz
Approx 50% complete for A14890_R1.fastq.gz
Approx 55% complete for A14890_R1.fastq.gz
Approx 50% complete for A14890_R2.fastq.gz
Approx 60% complete for A14890_R1.fastq.gz
Approx 55% complete for A14890_R2.fastq.gz
Approx 65% complete for A14890_R1.fastq.gz
Approx 60% complete for A14890_R2.fastq.gz
Approx 70% complete for A14890_R1.fastq.gz
Approx 65% complete for A14890_R2.fastq.gz
Approx 75% complete for A14890_R1.fastq.gz
Approx 70% complete for A14890_R2.fastq.gz
Approx 80% complete for A14890_R1.fastq.gz
Approx 75% complete for A14890_R2.fastq.gz
Approx 85% complete for A14890_R1.fastq.gz
Approx 80% complete for A14890_R2.fastq.gz
Approx 90% complete for A14890_R1.fastq.gz
Approx 85% complete for A14890_R2.fastq.gz
Approx 95% complete for A14890_R1.fastq.gz
Approx 90% complete for A14890_R2.fastq.gz
Approx 95% complete for A14890_R2.fastq.gz
Started analysis of YRLP_0014_1_UN_Whole_C1_WGWGS_A14888_22VNMHLT3_CGTGTAACTT_L003_R1_001.fastq.gz
Started analysis of YRLP_0014_1_UN_Whole_C1_WGWGS_A14888_22VNMHLT3_CGTGTAACTT_L003_R2_001.fastq.gz
Approx 5% complete for YRLP_0014_1_UN_Whole_C1_WGWGS_A14888_22VNMHLT3_CGTGTAACTT_L003_R1_001.fastq.gz
Approx 5% complete for YRLP_0014_1_UN_Whole_C1_WGWGS_A14888_22VNMHLT3_CGTGTAACTT_L003_R2_001.fastq.gz
Approx 10% complete for YRLP_0014_1_UN_Whole_C1_WGWGS_A14888_22VNMHLT3_CGTGTAACTT_L003_R1_001.fastq.gz
Approx 10% complete for YRLP_0014_1_UN_Whole_C1_WGWGS_A14888_22VNMHLT3_CGTGTAACTT_L003_R2_001.fastq.gz
Approx 15% complete for YRLP_0014_1_UN_Whole_C1_WGWGS_A14888_22VNMHLT3_CGTGTAACTT_L003_R1_001.fastq.gz
Approx 15% complete for YRLP_0014_1_UN_Whole_C1_WGWGS_A14888_22VNMHLT3_CGTGTAACTT_L003_R2_001.fastq.gz
Approx 20% complete for YRLP_0014_1_UN_Whole_C1_WGWGS_A14888_22VNMHLT3_CGTGTAACTT_L003_R1_001.fastq.gz
Approx 20% complete for YRLP_0014_1_UN_Whole_C1_WGWGS_A14888_22VNMHLT3_CGTGTAACTT_L003_R2_001.fastq.gz
Approx 25% complete for YRLP_0014_1_UN_Whole_C1_WGWGS_A14888_22VNMHLT3_CGTGTAACTT_L003_R1_001.fastq.gz
Approx 25% complete for YRLP_0014_1_UN_Whole_C1_WGWGS_A14888_22VNMHLT3_CGTGTAACTT_L003_R2_001.fastq.gz
Approx 30% complete for YRLP_0014_1_UN_Whole_C1_WGWGS_A14888_22VNMHLT3_CGTGTAACTT_L003_R1_001.fastq.gz
Approx 30% complete for YRLP_0014_1_UN_Whole_C1_WGWGS_A14888_22VNMHLT3_CGTGTAACTT_L003_R2_001.fastq.gz
Approx 35% complete for YRLP_0014_1_UN_Whole_C1_WGWGS_A14888_22VNMHLT3_CGTGTAACTT_L003_R1_001.fastq.gz
Approx 35% complete for YRLP_0014_1_UN_Whole_C1_WGWGS_A14888_22VNMHLT3_CGTGTAACTT_L003_R2_001.fastq.gz
Approx 40% complete for YRLP_0014_1_UN_Whole_C1_WGWGS_A14888_22VNMHLT3_CGTGTAACTT_L003_R1_001.fastq.gz
Approx 40% complete for YRLP_0014_1_UN_Whole_C1_WGWGS_A14888_22VNMHLT3_CGTGTAACTT_L003_R2_001.fastq.gz
Approx 45% complete for YRLP_0014_1_UN_Whole_C1_WGWGS_A14888_22VNMHLT3_CGTGTAACTT_L003_R1_001.fastq.gz
Approx 45% complete for YRLP_0014_1_UN_Whole_C1_WGWGS_A14888_22VNMHLT3_CGTGTAACTT_L003_R2_001.fastq.gz
Approx 50% complete for YRLP_0014_1_UN_Whole_C1_WGWGS_A14888_22VNMHLT3_CGTGTAACTT_L003_R1_001.fastq.gz
Approx 50% complete for YRLP_0014_1_UN_Whole_C1_WGWGS_A14888_22VNMHLT3_CGTGTAACTT_L003_R2_001.fastq.gz
Approx 55% complete for YRLP_0014_1_UN_Whole_C1_WGWGS_A14888_22VNMHLT3_CGTGTAACTT_L003_R1_001.fastq.gz
Approx 55% complete for YRLP_0014_1_UN_Whole_C1_WGWGS_A14888_22VNMHLT3_CGTGTAACTT_L003_R2_001.fastq.gz
Approx 60% complete for YRLP_0014_1_UN_Whole_C1_WGWGS_A14888_22VNMHLT3_CGTGTAACTT_L003_R1_001.fastq.gz
Approx 65% complete for YRLP_0014_1_UN_Whole_C1_WGWGS_A14888_22VNMHLT3_CGTGTAACTT_L003_R1_001.fastq.gz
Approx 60% complete for YRLP_0014_1_UN_Whole_C1_WGWGS_A14888_22VNMHLT3_CGTGTAACTT_L003_R2_001.fastq.gz
Approx 70% complete for YRLP_0014_1_UN_Whole_C1_WGWGS_A14888_22VNMHLT3_CGTGTAACTT_L003_R1_001.fastq.gz
Approx 65% complete for YRLP_0014_1_UN_Whole_C1_WGWGS_A14888_22VNMHLT3_CGTGTAACTT_L003_R2_001.fastq.gz
Approx 75% complete for YRLP_0014_1_UN_Whole_C1_WGWGS_A14888_22VNMHLT3_CGTGTAACTT_L003_R1_001.fastq.gz
Approx 70% complete for YRLP_0014_1_UN_Whole_C1_WGWGS_A14888_22VNMHLT3_CGTGTAACTT_L003_R2_001.fastq.gz
Approx 80% complete for YRLP_0014_1_UN_Whole_C1_WGWGS_A14888_22VNMHLT3_CGTGTAACTT_L003_R1_001.fastq.gz
Approx 75% complete for YRLP_0014_1_UN_Whole_C1_WGWGS_A14888_22VNMHLT3_CGTGTAACTT_L003_R2_001.fastq.gz
Approx 85% complete for YRLP_0014_1_UN_Whole_C1_WGWGS_A14888_22VNMHLT3_CGTGTAACTT_L003_R1_001.fastq.gz
Approx 80% complete for YRLP_0014_1_UN_Whole_C1_WGWGS_A14888_22VNMHLT3_CGTGTAACTT_L003_R2_001.fastq.gz
Approx 90% complete for YRLP_0014_1_UN_Whole_C1_WGWGS_A14888_22VNMHLT3_CGTGTAACTT_L003_R1_001.fastq.gz
Approx 85% complete for YRLP_0014_1_UN_Whole_C1_WGWGS_A14888_22VNMHLT3_CGTGTAACTT_L003_R2_001.fastq.gz
Approx 95% complete for YRLP_0014_1_UN_Whole_C1_WGWGS_A14888_22VNMHLT3_CGTGTAACTT_L003_R1_001.fastq.gz
Approx 90% complete for YRLP_0014_1_UN_Whole_C1_WGWGS_A14888_22VNMHLT3_CGTGTAACTT_L003_R2_001.fastq.gz
Approx 95% complete for YRLP_0014_1_UN_Whole_C1_WGWGS_A14888_22VNMHLT3_CGTGTAACTT_L003_R2_001.fastq.gz
Read1 before filtering:
total reads: 12981628
total bases: 1960225828
Q20 bases: 1841491975(93.9428%)
Q30 bases: 1682633154(85.8387%)

Read2 before filtering:
total reads: 12981628
total bases: 1960225828
Q20 bases: 1822912571(92.995%)
Q30 bases: 1653451621(84.3501%)

Read1 after filtering:
total reads: 12969683
total bases: 1657939841
Q20 bases: 1586542729(95.6936%)
Q30 bases: 1464424750(88.328%)

Read2 after filtering:
total reads: 12969683
total bases: 1659026703
Q20 bases: 1590524547(95.8709%)
Q30 bases: 1479965087(89.2068%)

Filtering result:
reads passed filter: 25939366
reads failed due to low quality: 0
reads failed due to too many N: 0
reads failed due to too short: 23890
reads with adapter trimmed: 14829611
bases trimmed due to adapters: 540874090

Duplication rate: 0.61246%

Insert size peak (evaluated by paired-end reads): 121

JSON report: /home/janzules/ctDNA_11042024/data/output_mice/fastp_cleaned/reports/A14888.json
HTML report: /home/janzules/ctDNA_11042024/data/output_mice/fastp_cleaned/reports/A14888.html

fastp -i /home/janzules/ctDNA_11042024/data/20241101_LH00295_0150_B22VNMHLT3/YRLP_0014/YRLP_0014_1_UN_Whole_C1_WGWGS_A14888_22VNMHLT3_CGTGTAACTT_L003_R1_001.fastq.gz -o /home/janzules/ctDNA_11042024/data/output_mice/fastp_cleaned/cleaned/A14888_R1.fastq.gz -I /home/janzules/ctDNA_11042024/data/20241101_LH00295_0150_B22VNMHLT3/YRLP_0014/YRLP_0014_1_UN_Whole_C1_WGWGS_A14888_22VNMHLT3_CGTGTAACTT_L003_R2_001.fastq.gz -O /home/janzules/ctDNA_11042024/data/output_mice/fastp_cleaned/cleaned/A14888_R2.fastq.gz -w 16 --disable_quality_filtering --trim_poly_g --adapter_sequence AGATCGGAAGAGCACACGTCTGAACTCCAGTCA --adapter_sequence_r2 AGATCGGAAGAGCGTCGTGTAGGGAAAGAGTGT --cut_tail --cut_mean_quality 20 --cut_window_size 4 --json /home/janzules/ctDNA_11042024/data/output_mice/fastp_cleaned/reports/A14888.json --html /home/janzules/ctDNA_11042024/data/output_mice/fastp_cleaned/reports/A14888.html 
fastp v0.21.0, time used: 129 seconds
Started analysis of A14888_R1.fastq.gz
Started analysis of A14888_R2.fastq.gz
Approx 5% complete for A14888_R1.fastq.gz
Approx 5% complete for A14888_R2.fastq.gz
Approx 10% complete for A14888_R2.fastq.gz
Approx 10% complete for A14888_R1.fastq.gz
Approx 15% complete for A14888_R2.fastq.gz
Approx 15% complete for A14888_R1.fastq.gz
Approx 20% complete for A14888_R2.fastq.gz
Approx 20% complete for A14888_R1.fastq.gz
Approx 25% complete for A14888_R2.fastq.gz
Approx 25% complete for A14888_R1.fastq.gz
Approx 30% complete for A14888_R2.fastq.gz
Approx 30% complete for A14888_R1.fastq.gz
Approx 35% complete for A14888_R2.fastq.gz
Approx 35% complete for A14888_R1.fastq.gz
Approx 40% complete for A14888_R2.fastq.gz
Approx 40% complete for A14888_R1.fastq.gz
Approx 45% complete for A14888_R2.fastq.gz
Approx 45% complete for A14888_R1.fastq.gz
Approx 50% complete for A14888_R2.fastq.gz
Approx 50% complete for A14888_R1.fastq.gz
Approx 55% complete for A14888_R2.fastq.gz
Approx 55% complete for A14888_R1.fastq.gz
Approx 60% complete for A14888_R2.fastq.gz
Approx 60% complete for A14888_R1.fastq.gz
Approx 65% complete for A14888_R2.fastq.gz
Approx 65% complete for A14888_R1.fastq.gz
Approx 70% complete for A14888_R2.fastq.gz
Approx 70% complete for A14888_R1.fastq.gz
Approx 75% complete for A14888_R2.fastq.gz
Approx 75% complete for A14888_R1.fastq.gz
Approx 80% complete for A14888_R2.fastq.gz
Approx 80% complete for A14888_R1.fastq.gz
Approx 85% complete for A14888_R2.fastq.gz
Approx 85% complete for A14888_R1.fastq.gz
Approx 90% complete for A14888_R2.fastq.gz
Approx 95% complete for A14888_R2.fastq.gz
Approx 90% complete for A14888_R1.fastq.gz
Approx 95% complete for A14888_R1.fastq.gz
